#
# A fatal error has been detected by the Java Runtime Environment:
#
#  EXCEPTION_ACCESS_VIOLATION (0xc0000005) at pc=0x000000006e9df4da, pid=6120, tid=0x0000000000002c8c
#
# JRE version: OpenJDK Runtime Environment (8.0_152-b01) (build 1.8.0_152-release-1343-b01)
# Java VM: OpenJDK 64-Bit Server VM (25.152-b01 mixed mode windows-amd64 compressed oops)
# Problematic frame:
# C  [gdx-box2d64.dll+0x1f4da]
#
# Failed to write core dump. Minidumps are not enabled by default on client versions of Windows
#
# If you would like to submit a bug report, please visit:
#   http://bugreport.java.com/bugreport/crash.jsp
# The crash happened outside the Java Virtual Machine in native code.
# See problematic frame for where to report the bug.
#

---------------  T H R E A D  ---------------

Current thread (0x00000000176f0800):  JavaThread "LWJGL Application" [_thread_in_native, id=11404, stack(0x0000000017e00000,0x0000000017f00000)]

siginfo: ExceptionCode=0xc0000005, reading address 0xffffffffffffffff

Registers:
RAX=0x0000000000000000, RBX=0x460651223b8c287f, RCX=0x0000000000000080, RDX=0x0000000000000006
RSP=0x0000000017efebb0, RBP=0x000000001ba41eb0, RSI=0x00000000000000b5, RDI=0x000000001ba74828
R8 =0x0000000000000006, R9 =0x00000000165483f0, R10=0x000000001c4cf480, R11=0x0000000017efea90
R12=0x0000000000000000, R13=0x000000001ba4a160, R14=0x000000001ba4a2e0, R15=0x000000001ba63c60
RIP=0x000000006e9df4da, EFLAGS=0x0000000000010202

Top of Stack: (sp=0x0000000017efebb0)
0x0000000017efebb0:   0000000000000100 0000000000000010
0x0000000017efebc0:   0000000017efec50 000000006e9cc68c
0x0000000017efebd0:   000000003f800000 0000000000000000
0x0000000017efebe0:   00000000ec783988 000000001ba28c10
0x0000000017efebf0:   0000000017efec60 0000000017efec50
0x0000000017efec00:   000000001ba41eb0 0000000000000008
0x0000000017efec10:   0000000017efeee8 0000000017efefa0
0x0000000017efec20:   00000000176f0800 000000006e9e2fb7
0x0000000017efec30:   00000000176f0800 0000000066e68548
0x0000000017efec40:   0000000000000001 0000000017efed40
0x0000000017efec50:   428adefa7f31b000 0000000017efed30
0x0000000017efec60:   428adefa7f31b800 00000000c1ab3378
0x0000000017efec70:   426fffff3c888889 000000083f800000
0x0000000017efec80:   0000000100000003 00007ffe3584b47d
0x0000000017efec90:   000000003c888889 0000000000000000
0x0000000017efeca0:   00000000437f0000 0000000000000000 

Instructions: (pc=0x000000006e9df4da)
0x000000006e9df4ba:   0f 2e c6 0f 86 a2 00 00 00 48 8b 73 18 48 89 da
0x000000006e9df4ca:   48 89 e9 e8 0e fe ff ff 48 89 f3 48 85 db 74 43
0x000000006e9df4da:   f6 43 08 08 4c 8b 73 60 4c 8b 6b 68 48 63 73 70
0x000000006e9df4ea:   44 8b 63 74 49 8b 7e 10 4d 8b 7d 10 75 3b f6 47 


Register to memory mapping:

RAX=0x0000000000000000 is an unknown value
RBX=0x460651223b8c287f is an unknown value
RCX=0x0000000000000080 is an unknown value
RDX=0x0000000000000006 is an unknown value
RSP=0x0000000017efebb0 is pointing into the stack for thread: 0x00000000176f0800
RBP=0x000000001ba41eb0 is an unknown value
RSI=0x00000000000000b5 is an unknown value
RDI=0x000000001ba74828 is an unknown value
R8 =0x0000000000000006 is an unknown value
R9 =0x00000000165483f0 is an unknown value
R10={method} {0x000000001c4cf488} 'beginContact' '(J)V' in 'com/badlogic/gdx/physics/box2d/World'
R11=0x0000000017efea90 is pointing into the stack for thread: 0x00000000176f0800
R12=0x0000000000000000 is an unknown value
R13=0x000000001ba4a160 is an unknown value
R14=0x000000001ba4a2e0 is an unknown value
R15=0x000000001ba63c60 is an unknown value


Stack: [0x0000000017e00000,0x0000000017f00000],  sp=0x0000000017efebb0,  free space=1018k
Native frames: (J=compiled Java code, j=interpreted, Vv=VM code, C=native code)
C  [gdx-box2d64.dll+0x1f4da]
C  [gdx-box2d64.dll+0x22fb7]
C  [gdx-box2d64.dll+0x274f1]
C  0x0000000002944215

Java frames: (J=compiled Java code, j=interpreted, Vv=VM code)
J 1093  com.badlogic.gdx.physics.box2d.World.jniStep(JFII)V (0 bytes) @ 0x0000000002944189 [0x0000000002944140+0x49]
J 1364 C2 com.pablov.jumpingjack.pantallas.Pantalla.render(F)V (259 bytes) @ 0x0000000002a890fc [0x0000000002a88cc0+0x43c]
J 1160 C1 com.pablov.jumpingjack.Juego.render()V (5 bytes) @ 0x0000000002968604 [0x00000000029683e0+0x224]
j  com.badlogic.gdx.backends.lwjgl.LwjglApplication.mainLoop()V+698
j  com.badlogic.gdx.backends.lwjgl.LwjglApplication$1.run()V+27
v  ~StubRoutines::call_stub

---------------  P R O C E S S  ---------------

Java Threads: ( => current thread )
  0x000000001785d000 JavaThread "LWJGL Timer" daemon [_thread_blocked, id=11760, stack(0x000000001b2e0000,0x000000001b3e0000)]
  0x0000000002444000 JavaThread "DestroyJavaVM" [_thread_blocked, id=7348, stack(0x00000000021f0000,0x00000000022f0000)]
=>0x00000000176f0800 JavaThread "LWJGL Application" [_thread_in_native, id=11404, stack(0x0000000017e00000,0x0000000017f00000)]
  0x00000000162f7000 JavaThread "Service Thread" daemon [_thread_blocked, id=7404, stack(0x0000000016990000,0x0000000016a90000)]
  0x00000000162ae000 JavaThread "C1 CompilerThread2" daemon [_thread_blocked, id=6824, stack(0x0000000016890000,0x0000000016990000)]
  0x0000000016250000 JavaThread "C2 CompilerThread1" daemon [_thread_blocked, id=6004, stack(0x0000000016790000,0x0000000016890000)]
  0x000000001624d000 JavaThread "C2 CompilerThread0" daemon [_thread_blocked, id=9736, stack(0x0000000016690000,0x0000000016790000)]
  0x000000001624a800 JavaThread "Monitor Ctrl-Break" daemon [_thread_in_native, id=1044, stack(0x0000000016590000,0x0000000016690000)]
  0x0000000014b2b000 JavaThread "Attach Listener" daemon [_thread_blocked, id=1376, stack(0x0000000016090000,0x0000000016190000)]
  0x0000000014b29800 JavaThread "Signal Dispatcher" daemon [_thread_blocked, id=3064, stack(0x0000000015f90000,0x0000000016090000)]
  0x0000000014b0e800 JavaThread "Finalizer" daemon [_thread_blocked, id=896, stack(0x0000000015d70000,0x0000000015e70000)]
  0x0000000002535000 JavaThread "Reference Handler" daemon [_thread_blocked, id=10188, stack(0x0000000015c70000,0x0000000015d70000)]

Other Threads:
  0x0000000014ae5800 VMThread [stack: 0x0000000015b70000,0x0000000015c70000] [id=6840]
  0x00000000162b6800 WatcherThread [stack: 0x0000000016a90000,0x0000000016b90000] [id=8036]

VM state:not at safepoint (normal execution)

VM Mutex/Monitor currently owned by a thread: None

Heap:
 PSYoungGen      total 18944K, used 4853K [0x00000000eb380000, 0x00000000ec880000, 0x0000000100000000)
  eden space 16384K, 14% used [0x00000000eb380000,0x00000000eb5be5a0,0x00000000ec380000)
  from space 2560K, 99% used [0x00000000ec380000,0x00000000ec5ff1c0,0x00000000ec600000)
  to   space 2560K, 0% used [0x00000000ec600000,0x00000000ec600000,0x00000000ec880000)
 ParOldGen       total 44032K, used 3402K [0x00000000c1a00000, 0x00000000c4500000, 0x00000000eb380000)
  object space 44032K, 7% used [0x00000000c1a00000,0x00000000c1d52b68,0x00000000c4500000)
 Metaspace       used 10668K, capacity 10853K, committed 11136K, reserved 1058816K
  class space    used 997K, capacity 1045K, committed 1152K, reserved 1048576K

Card table byte_map: [0x0000000011900000,0x0000000011b00000] byte_map_base: 0x00000000112f3000

Marking Bits: (ParMarkBitMap*) 0x0000000067515aa0
 Begin Bits: [0x0000000012050000, 0x0000000012fe8000)
 End Bits:   [0x0000000012fe8000, 0x0000000013f80000)

Polling page: 0x0000000000900000

CodeCache: size=245760Kb used=5694Kb max_used=5694Kb free=240065Kb
 bounds [0x0000000002540000, 0x0000000002ae0000, 0x0000000011540000]
 total_blobs=1941 nmethods=1434 adapters=422
 compilation: enabled

Compilation events (10 events):
Event: 61.819 Thread 0x000000001624d000 1429       4       com.badlogic.gdx.maps.tiled.TiledMapTileLayer::setCell (36 bytes)
Event: 61.820 Thread 0x00000000162ae000 1430       3       com.badlogic.gdx.maps.MapProperties::<init> (16 bytes)
Event: 61.820 Thread 0x00000000162ae000 nmethod 1430 0x0000000002aa3fd0 code [0x0000000002aa4160, 0x0000000002aa4448]
Event: 61.821 Thread 0x00000000162ae000 1431       3       com.badlogic.gdx.utils.XmlReader$Element::getChildCount (17 bytes)
Event: 61.821 Thread 0x00000000162ae000 nmethod 1431 0x0000000002ab3d90 code [0x0000000002ab3ee0, 0x0000000002ab4090]
Event: 61.821 Thread 0x00000000162ae000 1433       3       com.badlogic.gdx.maps.tiled.BaseTmxMapLoader::loadObject (977 bytes)
Event: 61.822 Thread 0x000000001624d000 nmethod 1429 0x0000000002ab3910 code [0x0000000002ab3a60, 0x0000000002ab3bf8]
Event: 61.830 Thread 0x0000000016250000 1434       4       com.badlogic.gdx.math.Vector2::<init> (5 bytes)
Event: 61.830 Thread 0x0000000016250000 nmethod 1434 0x0000000002a31050 code [0x0000000002a31180, 0x0000000002a311d8]
Event: 61.833 Thread 0x000000001624d000 1439       4       com.badlogic.gdx.graphics.g2d.Sprite::setPosition (17 bytes)

GC Heap History (6 events):
Event: 3.692 GC heap before
{Heap before GC invocations=1 (full 0):
 PSYoungGen      total 18944K, used 16384K [0x00000000eb380000, 0x00000000ec880000, 0x0000000100000000)
  eden space 16384K, 100% used [0x00000000eb380000,0x00000000ec380000,0x00000000ec380000)
  from space 2560K, 0% used [0x00000000ec600000,0x00000000ec600000,0x00000000ec880000)
  to   space 2560K, 0% used [0x00000000ec380000,0x00000000ec380000,0x00000000ec600000)
 ParOldGen       total 44032K, used 0K [0x00000000c1a00000, 0x00000000c4500000, 0x00000000eb380000)
  object space 44032K, 0% used [0x00000000c1a00000,0x00000000c1a00000,0x00000000c4500000)
 Metaspace       used 7483K, capacity 7603K, committed 7680K, reserved 1056768K
  class space    used 705K, capacity 752K, committed 768K, reserved 1048576K
Event: 3.700 GC heap after
Heap after GC invocations=1 (full 0):
 PSYoungGen      total 18944K, used 2545K [0x00000000eb380000, 0x00000000ec880000, 0x0000000100000000)
  eden space 16384K, 0% used [0x00000000eb380000,0x00000000eb380000,0x00000000ec380000)
  from space 2560K, 99% used [0x00000000ec380000,0x00000000ec5fc5a0,0x00000000ec600000)
  to   space 2560K, 0% used [0x00000000ec600000,0x00000000ec600000,0x00000000ec880000)
 ParOldGen       total 44032K, used 714K [0x00000000c1a00000, 0x00000000c4500000, 0x00000000eb380000)
  object space 44032K, 1% used [0x00000000c1a00000,0x00000000c1ab2b10,0x00000000c4500000)
 Metaspace       used 7483K, capacity 7603K, committed 7680K, reserved 1056768K
  class space    used 705K, capacity 752K, committed 768K, reserved 1048576K
}
Event: 25.175 GC heap before
{Heap before GC invocations=2 (full 0):
 PSYoungGen      total 18944K, used 18929K [0x00000000eb380000, 0x00000000ec880000, 0x0000000100000000)
  eden space 16384K, 100% used [0x00000000eb380000,0x00000000ec380000,0x00000000ec380000)
  from space 2560K, 99% used [0x00000000ec380000,0x00000000ec5fc5a0,0x00000000ec600000)
  to   space 2560K, 0% used [0x00000000ec600000,0x00000000ec600000,0x00000000ec880000)
 ParOldGen       total 44032K, used 714K [0x00000000c1a00000, 0x00000000c4500000, 0x00000000eb380000)
  object space 44032K, 1% used [0x00000000c1a00000,0x00000000c1ab2b10,0x00000000c4500000)
 Metaspace       used 10546K, capacity 10725K, committed 10880K, reserved 1058816K
  class space    used 996K, capacity 1045K, committed 1152K, reserved 1048576K
Event: 25.186 GC heap after
Heap after GC invocations=2 (full 0):
 PSYoungGen      total 18944K, used 2540K [0x00000000eb380000, 0x00000000ec880000, 0x0000000100000000)
  eden space 16384K, 0% used [0x00000000eb380000,0x00000000eb380000,0x00000000ec380000)
  from space 2560K, 99% used [0x00000000ec600000,0x00000000ec87b150,0x00000000ec880000)
  to   space 2560K, 0% used [0x00000000ec380000,0x00000000ec380000,0x00000000ec600000)
 ParOldGen       total 44032K, used 2238K [0x00000000c1a00000, 0x00000000c4500000, 0x00000000eb380000)
  object space 44032K, 5% used [0x00000000c1a00000,0x00000000c1c2fbc0,0x00000000c4500000)
 Metaspace       used 10546K, capacity 10725K, committed 10880K, reserved 1058816K
  class space    used 996K, capacity 1045K, committed 1152K, reserved 1048576K
}
Event: 61.734 GC heap before
{Heap before GC invocations=3 (full 0):
 PSYoungGen      total 18944K, used 18924K [0x00000000eb380000, 0x00000000ec880000, 0x0000000100000000)
  eden space 16384K, 100% used [0x00000000eb380000,0x00000000ec380000,0x00000000ec380000)
  from space 2560K, 99% used [0x00000000ec600000,0x00000000ec87b150,0x00000000ec880000)
  to   space 2560K, 0% used [0x00000000ec380000,0x00000000ec380000,0x00000000ec600000)
 ParOldGen       total 44032K, used 2238K [0x00000000c1a00000, 0x00000000c4500000, 0x00000000eb380000)
  object space 44032K, 5% used [0x00000000c1a00000,0x00000000c1c2fbc0,0x00000000c4500000)
 Metaspace       used 10638K, capacity 10789K, committed 11136K, reserved 1058816K
  class space    used 997K, capacity 1045K, committed 1152K, reserved 1048576K
Event: 61.742 GC heap after
Heap after GC invocations=3 (full 0):
 PSYoungGen      total 18944K, used 2556K [0x00000000eb380000, 0x00000000ec880000, 0x0000000100000000)
  eden space 16384K, 0% used [0x00000000eb380000,0x00000000eb380000,0x00000000ec380000)
  from space 2560K, 99% used [0x00000000ec380000,0x00000000ec5ff1c0,0x00000000ec600000)
  to   space 2560K, 0% used [0x00000000ec600000,0x00000000ec600000,0x00000000ec880000)
 ParOldGen       total 44032K, used 3402K [0x00000000c1a00000, 0x00000000c4500000, 0x00000000eb380000)
  object space 44032K, 7% used [0x00000000c1a00000,0x00000000c1d52b68,0x00000000c4500000)
 Metaspace       used 10638K, capacity 10789K, committed 11136K, reserved 1058816K
  class space    used 997K, capacity 1045K, committed 1152K, reserved 1048576K
}

Deoptimization events (10 events):
Event: 29.448 Thread 0x00000000176f0800 Uncommon trap: reason=unstable_if action=reinterpret pc=0x00000000029492a0 method=com.badlogic.gdx.graphics.g2d.Sprite.translate(FF)V @ 24
Event: 29.448 Thread 0x00000000176f0800 Uncommon trap: reason=unstable_if action=reinterpret pc=0x000000000299b8c0 method=com.badlogic.gdx.physics.box2d.Body.setActive(Z)V @ 1
Event: 29.455 Thread 0x00000000176f0800 Uncommon trap: reason=unstable_if action=reinterpret pc=0x000000000298bd3c method=com.badlogic.gdx.graphics.g2d.Sprite.translate(FF)V @ 24
Event: 29.456 Thread 0x00000000176f0800 Uncommon trap: reason=unstable_if action=reinterpret pc=0x00000000029806bc method=com.badlogic.gdx.utils.Array.iterator()Ljava/util/Iterator; @ 4
Event: 29.456 Thread 0x00000000176f0800 Uncommon trap: reason=unstable_if action=reinterpret pc=0x000000000290bb34 method=com.badlogic.gdx.utils.Array.iterator()Ljava/util/Iterator; @ 4
Event: 29.456 Thread 0x00000000176f0800 Uncommon trap: reason=unstable_if action=reinterpret pc=0x000000000290a7dc method=com.badlogic.gdx.graphics.g2d.Sprite.getVertices()[F @ 4
Event: 61.761 Thread 0x00000000176f0800 Uncommon trap: reason=array_check action=maybe_recompile pc=0x0000000002662dd0 method=com.badlogic.gdx.utils.Array.add(Ljava/lang/Object;)V @ 46
Event: 61.761 Thread 0x00000000176f0800 Uncommon trap: reason=array_check action=maybe_recompile pc=0x0000000002662dd0 method=com.badlogic.gdx.utils.Array.add(Ljava/lang/Object;)V @ 46
Event: 61.761 Thread 0x00000000176f0800 Uncommon trap: reason=array_check action=maybe_recompile pc=0x0000000002662dd0 method=com.badlogic.gdx.utils.Array.add(Ljava/lang/Object;)V @ 46
Event: 61.761 Thread 0x00000000176f0800 Uncommon trap: reason=array_check action=maybe_recompile pc=0x0000000002662dd0 method=com.badlogic.gdx.utils.Array.add(Ljava/lang/Object;)V @ 46

Classes redefined (0 events):
No events

Internal exceptions (10 events):
Event: 1.460 Thread 0x0000000014b2b000 Exception <a 'java/security/PrivilegedActionException'> (0x00000000eb6982b8) thrown at [D:\src\AOSP-openjdk-cygwin\jdk8u\hotspot\src\share\vm\prims\jvm.cpp, line 1390]
Event: 1.460 Thread 0x0000000014b2b000 Exception <a 'java/security/PrivilegedActionException'> (0x00000000eb6986b0) thrown at [D:\src\AOSP-openjdk-cygwin\jdk8u\hotspot\src\share\vm\prims\jvm.cpp, line 1390]
Event: 2.291 Thread 0x0000000002444000 Exception <a 'java/security/PrivilegedActionException'> (0x00000000eb9ca2b0) thrown at [D:\src\AOSP-openjdk-cygwin\jdk8u\hotspot\src\share\vm\prims\jvm.cpp, line 1390]
Event: 2.291 Thread 0x0000000002444000 Exception <a 'java/security/PrivilegedActionException'> (0x00000000eb9cbf88) thrown at [D:\src\AOSP-openjdk-cygwin\jdk8u\hotspot\src\share\vm\prims\jvm.cpp, line 1390]
Event: 2.292 Thread 0x0000000002444000 Exception <a 'java/security/PrivilegedActionException'> (0x00000000eb9cd0f8) thrown at [D:\src\AOSP-openjdk-cygwin\jdk8u\hotspot\src\share\vm\prims\jvm.cpp, line 1390]
Event: 2.293 Thread 0x0000000002444000 Exception <a 'java/security/PrivilegedActionException'> (0x00000000eb9d2638) thrown at [D:\src\AOSP-openjdk-cygwin\jdk8u\hotspot\src\share\vm\prims\jvm.cpp, line 1390]
Event: 2.293 Thread 0x0000000002444000 Exception <a 'java/security/PrivilegedActionException'> (0x00000000eb9d3290) thrown at [D:\src\AOSP-openjdk-cygwin\jdk8u\hotspot\src\share\vm\prims\jvm.cpp, line 1390]
Event: 2.293 Thread 0x0000000002444000 Exception <a 'java/security/PrivilegedActionException'> (0x00000000eb9d3eb8) thrown at [D:\src\AOSP-openjdk-cygwin\jdk8u\hotspot\src\share\vm\prims\jvm.cpp, line 1390]
Event: 29.455 Thread 0x00000000176f0800 Implicit null exception at 0x0000000002980386 to 0x00000000029806a5
Event: 29.456 Thread 0x00000000176f0800 Implicit null exception at 0x000000000290b85b to 0x000000000290bb1d

Events (10 events):
Event: 61.761 Thread 0x00000000176f0800 DEOPT UNPACKING pc=0x000000000258557b sp=0x0000000017efe180 mode 2
Event: 61.761 Thread 0x00000000176f0800 Uncommon trap: trap_request=0xffffffd6 fr.pc=0x0000000002662dd0
Event: 61.761 Thread 0x00000000176f0800 DEOPT PACKING pc=0x0000000002662dd0 sp=0x0000000017efe1f0
Event: 61.761 Thread 0x00000000176f0800 DEOPT UNPACKING pc=0x000000000258557b sp=0x0000000017efe180 mode 2
Event: 61.761 Thread 0x00000000176f0800 Uncommon trap: trap_request=0xffffffd6 fr.pc=0x0000000002662dd0
Event: 61.761 Thread 0x00000000176f0800 DEOPT PACKING pc=0x0000000002662dd0 sp=0x0000000017efe1f0
Event: 61.761 Thread 0x00000000176f0800 DEOPT UNPACKING pc=0x000000000258557b sp=0x0000000017efe180 mode 2
Event: 61.761 Thread 0x00000000176f0800 Uncommon trap: trap_request=0xffffffd6 fr.pc=0x0000000002662dd0
Event: 61.761 Thread 0x00000000176f0800 DEOPT PACKING pc=0x0000000002662dd0 sp=0x0000000017efe1f0
Event: 61.761 Thread 0x00000000176f0800 DEOPT UNPACKING pc=0x000000000258557b sp=0x0000000017efe180 mode 2


Dynamic libraries:
0x00007ff7410e0000 - 0x00007ff741111000 	C:\Program Files\Android\Android Studio\jre\bin\java.exe
0x00007ffe37090000 - 0x00007ffe37271000 	C:\WINDOWS\SYSTEM32\ntdll.dll
0x00007ffe35830000 - 0x00007ffe358e1000 	C:\WINDOWS\System32\KERNEL32.DLL
0x00007ffe33990000 - 0x00007ffe33c03000 	C:\WINDOWS\System32\KERNELBASE.dll
0x00007ffe348f0000 - 0x00007ffe34991000 	C:\WINDOWS\System32\ADVAPI32.dll
0x00007ffe34700000 - 0x00007ffe3479e000 	C:\WINDOWS\System32\msvcrt.dll
0x00007ffe34e50000 - 0x00007ffe34eab000 	C:\WINDOWS\System32\sechost.dll
0x00007ffe34520000 - 0x00007ffe34644000 	C:\WINDOWS\System32\RPCRT4.dll
0x00007ffe352c0000 - 0x00007ffe35450000 	C:\WINDOWS\System32\USER32.dll
0x00007ffe33970000 - 0x00007ffe33990000 	C:\WINDOWS\System32\win32u.dll
0x00007ffe347a0000 - 0x00007ffe347c8000 	C:\WINDOWS\System32\GDI32.dll
0x00007ffe33650000 - 0x00007ffe337e2000 	C:\WINDOWS\System32\gdi32full.dll
0x00007ffe338d0000 - 0x00007ffe3396f000 	C:\WINDOWS\System32\msvcp_win.dll
0x00007ffe34420000 - 0x00007ffe34518000 	C:\WINDOWS\System32\ucrtbase.dll
0x00007ffe1e580000 - 0x00007ffe1e7e9000 	C:\WINDOWS\WinSxS\amd64_microsoft.windows.common-controls_6595b64144ccf1df_6.0.17134.765_none_fb42a1a930655896\COMCTL32.dll
0x00007ffe358f0000 - 0x00007ffe35c12000 	C:\WINDOWS\System32\combase.dll
0x00007ffe337f0000 - 0x00007ffe3386a000 	C:\WINDOWS\System32\bcryptPrimitives.dll
0x00007ffe35450000 - 0x00007ffe3547d000 	C:\WINDOWS\System32\IMM32.DLL
0x0000000066c70000 - 0x0000000066d42000 	C:\Program Files\Android\Android Studio\jre\jre\bin\msvcr100.dll
0x0000000066d50000 - 0x0000000067591000 	C:\Program Files\Android\Android Studio\jre\jre\bin\server\jvm.dll
0x00007ffe35820000 - 0x00007ffe35828000 	C:\WINDOWS\System32\PSAPI.DLL
0x00007ffe2df20000 - 0x00007ffe2df29000 	C:\WINDOWS\SYSTEM32\WSOCK32.dll
0x00007ffe34f10000 - 0x00007ffe34f7c000 	C:\WINDOWS\System32\WS2_32.dll
0x00007ffe31100000 - 0x00007ffe31123000 	C:\WINDOWS\SYSTEM32\WINMM.dll
0x00007ffe28730000 - 0x00007ffe2873a000 	C:\WINDOWS\SYSTEM32\VERSION.dll
0x00007ffe310d0000 - 0x00007ffe310fa000 	C:\WINDOWS\SYSTEM32\winmmbase.dll
0x00007ffe33c10000 - 0x00007ffe33c59000 	C:\WINDOWS\System32\cfgmgr32.dll
0x00007ffe2c840000 - 0x00007ffe2c84f000 	C:\Program Files\Android\Android Studio\jre\jre\bin\verify.dll
0x00007ffe29350000 - 0x00007ffe29379000 	C:\Program Files\Android\Android Studio\jre\jre\bin\java.dll
0x00007ffe10d10000 - 0x00007ffe10d33000 	C:\Program Files\Android\Android Studio\jre\jre\bin\instrument.dll
0x00007ffe28ce0000 - 0x00007ffe28cf6000 	C:\Program Files\Android\Android Studio\jre\jre\bin\zip.dll
0x00007ffe35c20000 - 0x00007ffe37060000 	C:\WINDOWS\System32\SHELL32.dll
0x00007ffe34650000 - 0x00007ffe346f9000 	C:\WINDOWS\System32\shcore.dll
0x00007ffe33c60000 - 0x00007ffe3436d000 	C:\WINDOWS\System32\windows.storage.dll
0x00007ffe35260000 - 0x00007ffe352b1000 	C:\WINDOWS\System32\shlwapi.dll
0x00007ffe33430000 - 0x00007ffe33441000 	C:\WINDOWS\System32\kernel.appcore.dll
0x00007ffe333c0000 - 0x00007ffe333df000 	C:\WINDOWS\System32\profapi.dll
0x00007ffe333e0000 - 0x00007ffe3342c000 	C:\WINDOWS\System32\powrprof.dll
0x00007ffe33450000 - 0x00007ffe3345a000 	C:\WINDOWS\System32\FLTLIB.DLL
0x00007ffe12e90000 - 0x00007ffe12eaa000 	C:\Program Files\Android\Android Studio\bin\breakgen64.dll
0x00007ffe28bc0000 - 0x00007ffe28bda000 	C:\Program Files\Android\Android Studio\jre\jre\bin\net.dll
0x00007ffe32bc0000 - 0x00007ffe32c26000 	C:\WINDOWS\system32\mswsock.dll
0x0000000065ac0000 - 0x0000000065b26000 	C:\Users\usuario\AppData\Local\Temp\libgdxusuario\689f6d6a\gdx64.dll
0x00007ffe32d70000 - 0x00007ffe32d87000 	C:\WINDOWS\SYSTEM32\CRYPTSP.dll
0x00007ffe327a0000 - 0x00007ffe327d3000 	C:\WINDOWS\system32\rsaenh.dll
0x00007ffe32ea0000 - 0x00007ffe32ec5000 	C:\WINDOWS\SYSTEM32\bcrypt.dll
0x00007ffe332d0000 - 0x00007ffe332f8000 	C:\WINDOWS\SYSTEM32\USERENV.dll
0x00007ffe32d90000 - 0x00007ffe32d9b000 	C:\WINDOWS\SYSTEM32\CRYPTBASE.dll
0x00007ffe32940000 - 0x00007ffe32978000 	C:\WINDOWS\SYSTEM32\IPHLPAPI.DLL
0x00007ffe347f0000 - 0x00007ffe347f8000 	C:\WINDOWS\System32\NSI.dll
0x00007ffe2c260000 - 0x00007ffe2c276000 	C:\WINDOWS\SYSTEM32\dhcpcsvc6.DLL
0x00007ffe2c240000 - 0x00007ffe2c25a000 	C:\WINDOWS\SYSTEM32\dhcpcsvc.DLL
0x00007ffe1f660000 - 0x00007ffe1f671000 	C:\Program Files\Android\Android Studio\jre\jre\bin\nio.dll
0x0000000180000000 - 0x0000000180053000 	C:\Users\usuario\AppData\Local\Temp\libgdxusuario\dc0f0009\lwjgl64.dll
0x00007ffe1fcc0000 - 0x00007ffe1fde0000 	C:\WINDOWS\SYSTEM32\OPENGL32.dll
0x00007ffe27b70000 - 0x00007ffe27b9c000 	C:\WINDOWS\SYSTEM32\GLU32.dll
0x0000000016fd0000 - 0x0000000017034000 	C:\Users\usuario\AppData\Local\Temp\libgdxusuario\dc0f0009\OpenAL64.dll
0x00007ffe35480000 - 0x00007ffe355d1000 	C:\WINDOWS\System32\ole32.dll
0x00007ffe318b0000 - 0x00007ffe31948000 	C:\WINDOWS\system32\uxtheme.dll
0x00007ffe35780000 - 0x00007ffe35820000 	C:\WINDOWS\System32\clbcatq.dll
0x00007ffe2fe80000 - 0x00007ffe30034000 	C:\WINDOWS\System32\PROPSYS.dll
0x00007ffe35010000 - 0x00007ffe350d2000 	C:\WINDOWS\System32\OLEAUT32.dll
0x00007ffe27bc0000 - 0x00007ffe27c4f000 	C:\WINDOWS\SYSTEM32\dsound.dll
0x00007ffe2bd70000 - 0x00007ffe2bde6000 	C:\WINDOWS\System32\MMDevApi.dll
0x00007ffe33150000 - 0x00007ffe33177000 	C:\WINDOWS\System32\DEVOBJ.dll
0x00007ffe2b480000 - 0x00007ffe2b5ac000 	C:\WINDOWS\SYSTEM32\AUDIOSES.DLL
0x00007ffe2f750000 - 0x00007ffe2f89d000 	C:\WINDOWS\SYSTEM32\wintypes.dll
0x00007ffe2f510000 - 0x00007ffe2f51a000 	C:\WINDOWS\SYSTEM32\AVRT.dll
0x00007ffe350e0000 - 0x00007ffe35253000 	C:\WINDOWS\System32\MSCTF.dll
0x00007ffe31b40000 - 0x00007ffe31b69000 	C:\WINDOWS\system32\dwmapi.dll
0x00007ffe27750000 - 0x00007ffe277e6000 	C:\WINDOWS\System32\TextInputFramework.dll
0x00007ffe2ed60000 - 0x00007ffe2f07e000 	C:\WINDOWS\System32\CoreUIComponents.dll
0x00007ffe311f0000 - 0x00007ffe312ca000 	C:\WINDOWS\System32\CoreMessaging.dll
0x00007ffe32490000 - 0x00007ffe324c1000 	C:\WINDOWS\SYSTEM32\ntmarta.dll
0x00007ffddc0a0000 - 0x00007ffddc8d2000 	C:\WINDOWS\SYSTEM32\ig7icd64.dll
0x00007ffe2e040000 - 0x00007ffe2e4a4000 	C:\WINDOWS\SYSTEM32\igdusc64.dll
0x00007ffe30070000 - 0x00007ffe30083000 	C:\WINDOWS\SYSTEM32\WTSAPI32.dll
0x00007ffe22920000 - 0x00007ffe229c8000 	C:\WINDOWS\SYSTEM32\mscms.dll
0x00007ffe2e930000 - 0x00007ffe2e940000 	C:\WINDOWS\SYSTEM32\ColorAdapterClient.dll
0x00007ffe10b90000 - 0x00007ffe10bd3000 	C:\WINDOWS\SYSTEM32\icm32.dll
0x00007ffe32160000 - 0x00007ffe3221b000 	C:\WINDOWS\SYSTEM32\dxgi.dll
0x00007ffe300c0000 - 0x00007ffe303cb000 	C:\WINDOWS\SYSTEM32\d3d11.dll
0x00007ffe15210000 - 0x00007ffe15db2000 	C:\WINDOWS\SYSTEM32\igd10iumd64.dll
0x00007ffe32e70000 - 0x00007ffe32e96000 	C:\WINDOWS\SYSTEM32\ncrypt.dll
0x00007ffe32e30000 - 0x00007ffe32e66000 	C:\WINDOWS\SYSTEM32\NTASN1.dll
0x000000006e9c0000 - 0x000000006ea4c000 	C:\Users\usuario\AppData\Local\Temp\libgdxusuario\7da55056\gdx-box2d64.dll
0x00007ffe21fa0000 - 0x00007ffe22169000 	C:\WINDOWS\SYSTEM32\dbghelp.dll

VM Arguments:
jvm_args: -javaagent:C:\Program Files\Android\Android Studio\lib\idea_rt.jar=49596:C:\Program Files\Android\Android Studio\bin -Dfile.encoding=UTF-8 
java_command: com.pablov.jumpingjack.desktop.DesktopLauncher
java_class_path (initial): C:\Program Files\Android\Android Studio\jre\jre\lib\charsets.jar;C:\Program Files\Android\Android Studio\jre\jre\lib\ext\access-bridge-64.jar;C:\Program Files\Android\Android Studio\jre\jre\lib\ext\cldrdata.jar;C:\Program Files\Android\Android Studio\jre\jre\lib\ext\dnsns.jar;C:\Program Files\Android\Android Studio\jre\jre\lib\ext\jaccess.jar;C:\Program Files\Android\Android Studio\jre\jre\lib\ext\localedata.jar;C:\Program Files\Android\Android Studio\jre\jre\lib\ext\nashorn.jar;C:\Program Files\Android\Android Studio\jre\jre\lib\ext\sunec.jar;C:\Program Files\Android\Android Studio\jre\jre\lib\ext\sunjce_provider.jar;C:\Program Files\Android\Android Studio\jre\jre\lib\ext\sunmscapi.jar;C:\Program Files\Android\Android Studio\jre\jre\lib\ext\sunpkcs11.jar;C:\Program Files\Android\Android Studio\jre\jre\lib\ext\zipfs.jar;C:\Program Files\Android\Android Studio\jre\jre\lib\jce.jar;C:\Program Files\Android\Android Studio\jre\jre\lib\jsse.jar;C:\Program Files\Android\Android Studio\jre\jre\lib\management-agent.jar;C:\Program Files\Android\Android Studio\jre\jre\lib\resources.jar;C:\Program Files\Android\Android Studio\jre\jre\lib\rt.jar;C:\Users\usuario\Desktop\Practicas_PVillaverde\JumpingJack\desktop\build\classes\java\main;C:\Users\usuario\Desktop\Practicas_PVillaverde\JumpingJack\core\build\classes\java\main;C:\Users\usuario\.gradle\caches\modules-2\files-2.1\com.badlogicgames.gdx\gdx-box2d\1.9.9\e9a43c50fbe4f1e26dd0af5d2e78d125549e7f6b\gdx-box2d-1.9.9.jar;C:\Users\usuario\.gradle\caches\modules-2\files-2.1\com.badlogicgames.gdx\gdx\1.9.9\bf26f2f816b3cfe37ac6e66615391c30714b7030\gdx-1.9.9.jar;C:\Users\usuario\.gradle\caches\modules-2\files-2.1\com.badlogicgames.gdx\gdx-backend-lwjgl\1.9.9\ca8911cb94c0bfeb59f99e46ca9b92440958fb0e\gdx-backend-lwjgl-1.9.9.jar;C:\Users\usuario\.gradle\caches\modules-2\files-2.1\com.badlogicgames.gdx\gdx-platform\1.9.9\7e644cfafdb436b13b24ac7993ffab17f306b64d\gdx-platform-1.9.9-natives-desktop.jar;C:\Users\us
Launcher Type: SUN_STANDARD

Environment Variables:
PATH=C:\Program Files (x86)\Common Files\Oracle\Java\javapath;C:\Program Files (x86)\Intel\TXE Components\TCS\;C:\Program Files\Intel\TXE Components\TCS\;C:\WINDOWS\system32;C:\WINDOWS;C:\WINDOWS\System32\Wbem;C:\WINDOWS\System32\WindowsPowerShell\v1.0\;C:\WINDOWS\System32\OpenSSH\;c:\Program Files (x86)\Microsoft SQL Server\100\Tools\Binn\;c:\Program Files\Microsoft SQL Server\100\Tools\Binn\;c:\Program Files\Microsoft SQL Server\100\DTS\Binn\;c:\Program Files (x86)\Microsoft SQL Server\100\Tools\Binn\VSShell\Common7\IDE\;c:\Program Files (x86)\Microsoft SQL Server\100\DTS\Binn\;C:\Program Files\dotnet\;C:\Program Files\Microsoft SQL Server\130\Tools\Binn\;C:\Program Files (x86)\Sophos\Sophos SSL VPN Client\bin;C:\Users\usuario\AppData\Local\Microsoft\WindowsApps;
USERNAME=usuario
OS=Windows_NT
PROCESSOR_IDENTIFIER=Intel64 Family 6 Model 55 Stepping 8, GenuineIntel



---------------  S Y S T E M  ---------------

OS: Windows 10.0 , 64 bit Build 17134 (10.0.17134.753)

CPU:total 4 (initial active 4) (4 cores per cpu, 1 threads per core) family 6 model 55 stepping 8, cmov, cx8, fxsr, mmx, sse, sse2, sse3, ssse3, sse4.1, sse4.2, popcnt, clmul, erms, 3dnowpref, tsc, tscinvbit

Memory: 4k page, physical 4086824k(827212k free), swap 7965668k(1459756k free)

vm_info: OpenJDK 64-Bit Server VM (25.152-b01) for windows-amd64 JRE (1.8.0_152-release-1343-b01), built by "builder" with MS VC++ 10.0 (VS2010)

time: Tue Jun 11 13:21:52 2019
elapsed time: 61 seconds (0d 0h 1m 1s)

