#
# A fatal error has been detected by the Java Runtime Environment:
#
#  EXCEPTION_ACCESS_VIOLATION (0xc0000005) at pc=0x000000006e9df514, pid=8052, tid=0x0000000000001268
#
# JRE version: OpenJDK Runtime Environment (8.0_152-b01) (build 1.8.0_152-release-1343-b01)
# Java VM: OpenJDK 64-Bit Server VM (25.152-b01 mixed mode windows-amd64 compressed oops)
# Problematic frame:
# C  [gdx-box2d64.dll+0x1f514]
#
# Failed to write core dump. Minidumps are not enabled by default on client versions of Windows
#
# If you would like to submit a bug report, please visit:
#   http://bugreport.java.com/bugreport/crash.jsp
# The crash happened outside the Java Virtual Machine in native code.
# See problematic frame for where to report the bug.
#

---------------  T H R E A D  ---------------

Current thread (0x00000000163d0000):  JavaThread "LWJGL Application" [_thread_in_native, id=4712, stack(0x0000000017e00000,0x0000000017f00000)]

siginfo: ExceptionCode=0xc0000005, reading address 0x000000001ba8ac38

Registers:
RAX=0x0000000000000000, RBX=0x000000001ba8ac20, RCX=0x0000000000000000, RDX=0x0000000000000006
RSP=0x0000000017eff1e0, RBP=0x000000001ba61eb0, RSI=0x00000000000000b5, RDI=0x000000001ba8ebf8
R8 =0x0000000000000006, R9 =0x00000000163daf10, R10=0x000000001c4edab8, R11=0x0000000017eff0c0
R12=0x0000000000000000, R13=0x000000001ba6a160, R14=0x000000001ba6a2e0, R15=0x000000001ba7e030
RIP=0x000000006e9df514, EFLAGS=0x0000000000010202

Top of Stack: (sp=0x0000000017eff1e0)
0x0000000017eff1e0:   0000000000000000 00000000163d0000
0x0000000017eff1f0:   0000000017eff280 000000006e9cc68c
0x0000000017eff200:   000000003f800000 0000000000000000
0x0000000017eff210:   00000000161d9a48 000000001ba48c10
0x0000000017eff220:   0000000017eff290 0000000017eff280
0x0000000017eff230:   000000001ba61eb0 0000000000000008
0x0000000017eff240:   0000000017eff598 0000000017eff650
0x0000000017eff250:   00000000163d0000 000000006e9e2fb7
0x0000000017eff260:   0000000000000100 0000000000000010
0x0000000017eff270:   00000000161e40f0 0000000100096290
0x0000000017eff280:   428ada59b1452000 0000000002874c2c
0x0000000017eff290:   428ada59b1452800 0000000017eff380
0x0000000017eff2a0:   426fffff3c888889 000000083f800000
0x0000000017eff2b0:   0000000100000003 00000000027bab0c
0x0000000017eff2c0:   000000003c888889 0000000000000000
0x0000000017eff2d0:   00000000437f0000 0000000000000000 

Instructions: (pc=0x000000006e9df514)
0x000000006e9df4f4:   7d 10 75 3b f6 47 04 02 0f 85 2e ff ff ff 41 f6
0x000000006e9df504:   47 04 02 74 0b 41 8b 07 85 c0 0f 85 26 ff ff ff
0x000000006e9df514:   48 8b 5b 18 48 85 db 75 bd 0f 28 74 24 20 48 83
0x000000006e9df524:   c4 38 5b 5e 5f 5d 41 5c 41 5d 41 5e 41 5f c3 48 


Register to memory mapping:

RAX=0x0000000000000000 is an unknown value
RBX=0x000000001ba8ac20 is an unknown value
RCX=0x0000000000000000 is an unknown value
RDX=0x0000000000000006 is an unknown value
RSP=0x0000000017eff1e0 is pointing into the stack for thread: 0x00000000163d0000
RBP=0x000000001ba61eb0 is an unknown value
RSI=0x00000000000000b5 is an unknown value
RDI=0x000000001ba8ebf8 is an unknown value
R8 =0x0000000000000006 is an unknown value
R9 =0x00000000163daf10 is an unknown value
R10={method} {0x000000001c4edac0} 'beginContact' '(J)V' in 'com/badlogic/gdx/physics/box2d/World'
R11=0x0000000017eff0c0 is pointing into the stack for thread: 0x00000000163d0000
R12=0x0000000000000000 is an unknown value
R13=0x000000001ba6a160 is an unknown value
R14=0x000000001ba6a2e0 is an unknown value
R15=0x000000001ba7e030 is an unknown value


Stack: [0x0000000017e00000,0x0000000017f00000],  sp=0x0000000017eff1e0,  free space=1020k
Native frames: (J=compiled Java code, j=interpreted, Vv=VM code, C=native code)
C  [gdx-box2d64.dll+0x1f514]
C  [gdx-box2d64.dll+0x22fb7]
C  [gdx-box2d64.dll+0x274f1]
C  0x00000000028692d5

Java frames: (J=compiled Java code, j=interpreted, Vv=VM code)
J 1089  com.badlogic.gdx.physics.box2d.World.jniStep(JFII)V (0 bytes) @ 0x0000000002869249 [0x0000000002869200+0x49]
J 1202 C2 com.pablov.jumpingjack.pantallas.Pantalla.render(F)V (259 bytes) @ 0x00000000028f69e0 [0x00000000028f6620+0x3c0]
J 1153 C1 com.pablov.jumpingjack.Juego.render()V (5 bytes) @ 0x0000000002889f44 [0x0000000002889d20+0x224]
j  com.badlogic.gdx.backends.lwjgl.LwjglApplication.mainLoop()V+698
j  com.badlogic.gdx.backends.lwjgl.LwjglApplication$1.run()V+27
v  ~StubRoutines::call_stub

---------------  P R O C E S S  ---------------

Java Threads: ( => current thread )
  0x000000001796a800 JavaThread "LWJGL Timer" daemon [_thread_blocked, id=11072, stack(0x000000001b2f0000,0x000000001b3f0000)]
  0x0000000002364000 JavaThread "DestroyJavaVM" [_thread_blocked, id=8, stack(0x00000000020f0000,0x00000000021f0000)]
=>0x00000000163d0000 JavaThread "LWJGL Application" [_thread_in_native, id=4712, stack(0x0000000017e00000,0x0000000017f00000)]
  0x00000000161d6800 JavaThread "Service Thread" daemon [_thread_blocked, id=8208, stack(0x00000000168b0000,0x00000000169b0000)]
  0x00000000161c9000 JavaThread "C1 CompilerThread2" daemon [_thread_blocked, id=12172, stack(0x00000000167b0000,0x00000000168b0000)]
  0x0000000016173000 JavaThread "C2 CompilerThread1" daemon [_thread_blocked, id=7844, stack(0x00000000166b0000,0x00000000167b0000)]
  0x0000000016170800 JavaThread "C2 CompilerThread0" daemon [_thread_blocked, id=6824, stack(0x00000000165b0000,0x00000000166b0000)]
  0x000000001616d800 JavaThread "Monitor Ctrl-Break" daemon [_thread_in_native, id=9192, stack(0x00000000164b0000,0x00000000165b0000)]
  0x0000000014a4c000 JavaThread "Attach Listener" daemon [_thread_blocked, id=7212, stack(0x0000000015fb0000,0x00000000160b0000)]
  0x0000000014a4b000 JavaThread "Signal Dispatcher" daemon [_thread_blocked, id=6100, stack(0x0000000015eb0000,0x0000000015fb0000)]
  0x0000000014a2f800 JavaThread "Finalizer" daemon [_thread_blocked, id=6540, stack(0x0000000015c90000,0x0000000015d90000)]
  0x0000000002452000 JavaThread "Reference Handler" daemon [_thread_blocked, id=12032, stack(0x0000000015b90000,0x0000000015c90000)]

Other Threads:
  0x0000000014a06000 VMThread [stack: 0x0000000015a90000,0x0000000015b90000] [id=11364]
  0x00000000161d8800 WatcherThread [stack: 0x00000000169b0000,0x0000000016ab0000] [id=1088]

VM state:not at safepoint (normal execution)

VM Mutex/Monitor currently owned by a thread: None

Heap:
 PSYoungGen      total 18944K, used 9879K [0x00000000eb380000, 0x00000000ec880000, 0x0000000100000000)
  eden space 16384K, 44% used [0x00000000eb380000,0x00000000ebaa6b78,0x00000000ec380000)
  from space 2560K, 99% used [0x00000000ec600000,0x00000000ec87f1d0,0x00000000ec880000)
  to   space 2560K, 0% used [0x00000000ec380000,0x00000000ec380000,0x00000000ec600000)
 ParOldGen       total 44032K, used 2286K [0x00000000c1a00000, 0x00000000c4500000, 0x00000000eb380000)
  object space 44032K, 5% used [0x00000000c1a00000,0x00000000c1c3baa8,0x00000000c4500000)
 Metaspace       used 10567K, capacity 10725K, committed 10880K, reserved 1058816K
  class space    used 996K, capacity 1045K, committed 1152K, reserved 1048576K

Card table byte_map: [0x0000000011820000,0x0000000011a20000] byte_map_base: 0x0000000011213000

Marking Bits: (ParMarkBitMap*) 0x0000000067515aa0
 Begin Bits: [0x0000000011f70000, 0x0000000012f08000)
 End Bits:   [0x0000000012f08000, 0x0000000013ea0000)

Polling page: 0x00000000001f0000

CodeCache: size=245760Kb used=4964Kb max_used=4965Kb free=240795Kb
 bounds [0x0000000002460000, 0x0000000002940000, 0x0000000011460000]
 total_blobs=1804 nmethods=1297 adapters=422
 compilation: enabled

Compilation events (10 events):
Event: 35.285 Thread 0x00000000161c9000 1292       3       com.badlogic.gdx.utils.reflect.ClassReflection::isInstance (6 bytes)
Event: 35.285 Thread 0x00000000161c9000 nmethod 1292 0x0000000002939dd0 code [0x0000000002939f20, 0x000000000293a0f0]
Event: 35.286 Thread 0x00000000161c9000 1293       3       com.badlogic.gdx.math.Vector2::<init> (15 bytes)
Event: 35.286 Thread 0x00000000161c9000 nmethod 1293 0x0000000002939a10 code [0x0000000002939b60, 0x0000000002939d10]
Event: 35.286 Thread 0x00000000161c9000 1294       3       com.badlogic.gdx.physics.box2d.Body::createFixture (105 bytes)
Event: 35.287 Thread 0x00000000161c9000 nmethod 1294 0x000000000293de50 code [0x000000000293e020, 0x000000000293e7c8]
Event: 35.287 Thread 0x00000000161c9000 1296       3       com.badlogic.gdx.physics.box2d.World$2::newObject (5 bytes)
Event: 35.288 Thread 0x00000000161c9000 nmethod 1296 0x000000000293d990 code [0x000000000293db00, 0x000000000293dd68]
Event: 35.288 Thread 0x00000000161c9000 1297       3       com.badlogic.gdx.physics.box2d.World$2::newObject (10 bytes)
Event: 35.288 Thread 0x00000000161c9000 nmethod 1297 0x000000000293d190 code [0x000000000293d320, 0x000000000293d770]

GC Heap History (4 events):
Event: 3.278 GC heap before
{Heap before GC invocations=1 (full 0):
 PSYoungGen      total 18944K, used 16384K [0x00000000eb380000, 0x00000000ec880000, 0x0000000100000000)
  eden space 16384K, 100% used [0x00000000eb380000,0x00000000ec380000,0x00000000ec380000)
  from space 2560K, 0% used [0x00000000ec600000,0x00000000ec600000,0x00000000ec880000)
  to   space 2560K, 0% used [0x00000000ec380000,0x00000000ec380000,0x00000000ec600000)
 ParOldGen       total 44032K, used 0K [0x00000000c1a00000, 0x00000000c4500000, 0x00000000eb380000)
  object space 44032K, 0% used [0x00000000c1a00000,0x00000000c1a00000,0x00000000c4500000)
 Metaspace       used 7486K, capacity 7603K, committed 7680K, reserved 1056768K
  class space    used 707K, capacity 752K, committed 768K, reserved 1048576K
Event: 3.288 GC heap after
Heap after GC invocations=1 (full 0):
 PSYoungGen      total 18944K, used 2528K [0x00000000eb380000, 0x00000000ec880000, 0x0000000100000000)
  eden space 16384K, 0% used [0x00000000eb380000,0x00000000eb380000,0x00000000ec380000)
  from space 2560K, 98% used [0x00000000ec380000,0x00000000ec5f8098,0x00000000ec600000)
  to   space 2560K, 0% used [0x00000000ec600000,0x00000000ec600000,0x00000000ec880000)
 ParOldGen       total 44032K, used 744K [0x00000000c1a00000, 0x00000000c4500000, 0x00000000eb380000)
  object space 44032K, 1% used [0x00000000c1a00000,0x00000000c1aba360,0x00000000c4500000)
 Metaspace       used 7486K, capacity 7603K, committed 7680K, reserved 1056768K
  class space    used 707K, capacity 752K, committed 768K, reserved 1048576K
}
Event: 24.948 GC heap before
{Heap before GC invocations=2 (full 0):
 PSYoungGen      total 18944K, used 18912K [0x00000000eb380000, 0x00000000ec880000, 0x0000000100000000)
  eden space 16384K, 100% used [0x00000000eb380000,0x00000000ec380000,0x00000000ec380000)
  from space 2560K, 98% used [0x00000000ec380000,0x00000000ec5f8098,0x00000000ec600000)
  to   space 2560K, 0% used [0x00000000ec600000,0x00000000ec600000,0x00000000ec880000)
 ParOldGen       total 44032K, used 744K [0x00000000c1a00000, 0x00000000c4500000, 0x00000000eb380000)
  object space 44032K, 1% used [0x00000000c1a00000,0x00000000c1aba360,0x00000000c4500000)
 Metaspace       used 10530K, capacity 10725K, committed 10880K, reserved 1058816K
  class space    used 996K, capacity 1045K, committed 1152K, reserved 1048576K
Event: 24.959 GC heap after
Heap after GC invocations=2 (full 0):
 PSYoungGen      total 18944K, used 2556K [0x00000000eb380000, 0x00000000ec880000, 0x0000000100000000)
  eden space 16384K, 0% used [0x00000000eb380000,0x00000000eb380000,0x00000000ec380000)
  from space 2560K, 99% used [0x00000000ec600000,0x00000000ec87f1d0,0x00000000ec880000)
  to   space 2560K, 0% used [0x00000000ec380000,0x00000000ec380000,0x00000000ec600000)
 ParOldGen       total 44032K, used 2286K [0x00000000c1a00000, 0x00000000c4500000, 0x00000000eb380000)
  object space 44032K, 5% used [0x00000000c1a00000,0x00000000c1c3baa8,0x00000000c4500000)
 Metaspace       used 10530K, capacity 10725K, committed 10880K, reserved 1058816K
  class space    used 996K, capacity 1045K, committed 1152K, reserved 1048576K
}

Deoptimization events (10 events):
Event: 35.094 Thread 0x00000000163d0000 Uncommon trap: reason=bimorphic action=maybe_recompile pc=0x00000000028b2c54 method=java.util.regex.Pattern$GroupTail.match(Ljava/util/regex/Matcher;ILjava/lang/CharSequence;)Z @ 70
Event: 35.094 Thread 0x00000000163d0000 Uncommon trap: reason=unstable_if action=reinterpret pc=0x000000000286e37c method=java.util.regex.Matcher.search(I)Z @ 91
Event: 35.111 Thread 0x00000000163d0000 Uncommon trap: reason=bimorphic action=maybe_recompile pc=0x00000000028ad96c method=java.util.regex.Pattern$Curly.match0(Ljava/util/regex/Matcher;IILjava/lang/CharSequence;)Z @ 31
Event: 35.111 Thread 0x00000000163d0000 Uncommon trap: reason=bimorphic action=maybe_recompile pc=0x00000000028ad96c method=java.util.regex.Pattern$Curly.match0(Ljava/util/regex/Matcher;IILjava/lang/CharSequence;)Z @ 31
Event: 35.111 Thread 0x00000000163d0000 Uncommon trap: reason=bimorphic action=maybe_recompile pc=0x00000000028b2c54 method=java.util.regex.Pattern$GroupTail.match(Ljava/util/regex/Matcher;ILjava/lang/CharSequence;)Z @ 70
Event: 35.121 Thread 0x00000000163d0000 Uncommon trap: reason=bimorphic action=maybe_recompile pc=0x00000000028b2c54 method=java.util.regex.Pattern$GroupTail.match(Ljava/util/regex/Matcher;ILjava/lang/CharSequence;)Z @ 70
Event: 35.129 Thread 0x00000000163d0000 Uncommon trap: reason=bimorphic action=maybe_recompile pc=0x00000000028b2c54 method=java.util.regex.Pattern$GroupTail.match(Ljava/util/regex/Matcher;ILjava/lang/CharSequence;)Z @ 70
Event: 35.135 Thread 0x00000000163d0000 Uncommon trap: reason=unstable_if action=reinterpret pc=0x00000000028b5db8 method=java.util.Formatter$FormatSpecifier.localizedMagnitude(Ljava/lang/StringBuilder;[CLjava/util/Formatter$Flags;ILjava/util/Locale;)Ljava/lang/StringBuilder; @ 307
Event: 35.285 Thread 0x00000000163d0000 Uncommon trap: reason=unstable_if action=reinterpret pc=0x000000000286c260 method=com.badlogic.gdx.graphics.g2d.Sprite.translate(FF)V @ 24
Event: 35.285 Thread 0x00000000163d0000 Uncommon trap: reason=unstable_if action=reinterpret pc=0x00000000028b6d80 method=com.badlogic.gdx.physics.box2d.Body.setActive(Z)V @ 1

Classes redefined (0 events):
No events

Internal exceptions (10 events):
Event: 1.422 Thread 0x0000000014a4c000 Exception <a 'java/security/PrivilegedActionException'> (0x00000000eb6e8c60) thrown at [D:\src\AOSP-openjdk-cygwin\jdk8u\hotspot\src\share\vm\prims\jvm.cpp, line 1390]
Event: 1.423 Thread 0x0000000014a4c000 Exception <a 'java/security/PrivilegedActionException'> (0x00000000eb6ea380) thrown at [D:\src\AOSP-openjdk-cygwin\jdk8u\hotspot\src\share\vm\prims\jvm.cpp, line 1390]
Event: 1.423 Thread 0x0000000014a4c000 Exception <a 'java/security/PrivilegedActionException'> (0x00000000eb6ea778) thrown at [D:\src\AOSP-openjdk-cygwin\jdk8u\hotspot\src\share\vm\prims\jvm.cpp, line 1390]
Event: 2.205 Thread 0x0000000002364000 Exception <a 'java/security/PrivilegedActionException'> (0x00000000eb9ca548) thrown at [D:\src\AOSP-openjdk-cygwin\jdk8u\hotspot\src\share\vm\prims\jvm.cpp, line 1390]
Event: 2.205 Thread 0x0000000002364000 Exception <a 'java/security/PrivilegedActionException'> (0x00000000eb9cc220) thrown at [D:\src\AOSP-openjdk-cygwin\jdk8u\hotspot\src\share\vm\prims\jvm.cpp, line 1390]
Event: 2.206 Thread 0x0000000002364000 Exception <a 'java/security/PrivilegedActionException'> (0x00000000eb9cd390) thrown at [D:\src\AOSP-openjdk-cygwin\jdk8u\hotspot\src\share\vm\prims\jvm.cpp, line 1390]
Event: 2.207 Thread 0x0000000002364000 Exception <a 'java/security/PrivilegedActionException'> (0x00000000eb9d28d0) thrown at [D:\src\AOSP-openjdk-cygwin\jdk8u\hotspot\src\share\vm\prims\jvm.cpp, line 1390]
Event: 2.207 Thread 0x0000000002364000 Exception <a 'java/security/PrivilegedActionException'> (0x00000000eb9d3528) thrown at [D:\src\AOSP-openjdk-cygwin\jdk8u\hotspot\src\share\vm\prims\jvm.cpp, line 1390]
Event: 2.207 Thread 0x0000000002364000 Exception <a 'java/security/PrivilegedActionException'> (0x00000000eb9d4150) thrown at [D:\src\AOSP-openjdk-cygwin\jdk8u\hotspot\src\share\vm\prims\jvm.cpp, line 1390]
Event: 35.077 Thread 0x00000000163d0000 Implicit null exception at 0x00000000028ec370 to 0x00000000028ec3b9

Events (10 events):
Event: 35.129 Thread 0x00000000163d0000 DEOPT UNPACKING pc=0x00000000024a557b sp=0x0000000017efe108 mode 2
Event: 35.135 Thread 0x00000000163d0000 Uncommon trap: trap_request=0xffffff65 fr.pc=0x00000000028b5db8
Event: 35.135 Thread 0x00000000163d0000 DEOPT PACKING pc=0x00000000028b5db8 sp=0x0000000017efe400
Event: 35.135 Thread 0x00000000163d0000 DEOPT UNPACKING pc=0x00000000024a557b sp=0x0000000017efe3c8 mode 2
Event: 35.285 Thread 0x00000000163d0000 Uncommon trap: trap_request=0xffffff65 fr.pc=0x000000000286c260
Event: 35.285 Thread 0x00000000163d0000 DEOPT PACKING pc=0x000000000286c260 sp=0x0000000017efe780
Event: 35.285 Thread 0x00000000163d0000 DEOPT UNPACKING pc=0x00000000024a557b sp=0x0000000017efe708 mode 2
Event: 35.285 Thread 0x00000000163d0000 Uncommon trap: trap_request=0xffffff65 fr.pc=0x00000000028b6d80
Event: 35.285 Thread 0x00000000163d0000 DEOPT PACKING pc=0x00000000028b6d80 sp=0x0000000017efe7c0
Event: 35.285 Thread 0x00000000163d0000 DEOPT UNPACKING pc=0x00000000024a557b sp=0x0000000017efe768 mode 2


Dynamic libraries:
0x00007ff7410e0000 - 0x00007ff741111000 	C:\Program Files\Android\Android Studio\jre\bin\java.exe
0x00007ffe37090000 - 0x00007ffe37271000 	C:\WINDOWS\SYSTEM32\ntdll.dll
0x00007ffe35830000 - 0x00007ffe358e1000 	C:\WINDOWS\System32\KERNEL32.DLL
0x00007ffe33990000 - 0x00007ffe33c03000 	C:\WINDOWS\System32\KERNELBASE.dll
0x00007ffe348f0000 - 0x00007ffe34991000 	C:\WINDOWS\System32\ADVAPI32.dll
0x00007ffe34700000 - 0x00007ffe3479e000 	C:\WINDOWS\System32\msvcrt.dll
0x00007ffe34e50000 - 0x00007ffe34eab000 	C:\WINDOWS\System32\sechost.dll
0x00007ffe34520000 - 0x00007ffe34644000 	C:\WINDOWS\System32\RPCRT4.dll
0x00007ffe352c0000 - 0x00007ffe35450000 	C:\WINDOWS\System32\USER32.dll
0x00007ffe33970000 - 0x00007ffe33990000 	C:\WINDOWS\System32\win32u.dll
0x00007ffe347a0000 - 0x00007ffe347c8000 	C:\WINDOWS\System32\GDI32.dll
0x00007ffe33650000 - 0x00007ffe337e2000 	C:\WINDOWS\System32\gdi32full.dll
0x00007ffe338d0000 - 0x00007ffe3396f000 	C:\WINDOWS\System32\msvcp_win.dll
0x00007ffe34420000 - 0x00007ffe34518000 	C:\WINDOWS\System32\ucrtbase.dll
0x00007ffe1e580000 - 0x00007ffe1e7e9000 	C:\WINDOWS\WinSxS\amd64_microsoft.windows.common-controls_6595b64144ccf1df_6.0.17134.765_none_fb42a1a930655896\COMCTL32.dll
0x00007ffe358f0000 - 0x00007ffe35c12000 	C:\WINDOWS\System32\combase.dll
0x00007ffe337f0000 - 0x00007ffe3386a000 	C:\WINDOWS\System32\bcryptPrimitives.dll
0x00007ffe35450000 - 0x00007ffe3547d000 	C:\WINDOWS\System32\IMM32.DLL
0x0000000066c70000 - 0x0000000066d42000 	C:\Program Files\Android\Android Studio\jre\jre\bin\msvcr100.dll
0x0000000066d50000 - 0x0000000067591000 	C:\Program Files\Android\Android Studio\jre\jre\bin\server\jvm.dll
0x00007ffe35820000 - 0x00007ffe35828000 	C:\WINDOWS\System32\PSAPI.DLL
0x00007ffe2df20000 - 0x00007ffe2df29000 	C:\WINDOWS\SYSTEM32\WSOCK32.dll
0x00007ffe34f10000 - 0x00007ffe34f7c000 	C:\WINDOWS\System32\WS2_32.dll
0x00007ffe31100000 - 0x00007ffe31123000 	C:\WINDOWS\SYSTEM32\WINMM.dll
0x00007ffe28730000 - 0x00007ffe2873a000 	C:\WINDOWS\SYSTEM32\VERSION.dll
0x00007ffe310d0000 - 0x00007ffe310fa000 	C:\WINDOWS\SYSTEM32\WINMMBASE.dll
0x00007ffe33c10000 - 0x00007ffe33c59000 	C:\WINDOWS\System32\cfgmgr32.dll
0x00007ffe2c840000 - 0x00007ffe2c84f000 	C:\Program Files\Android\Android Studio\jre\jre\bin\verify.dll
0x00007ffe29350000 - 0x00007ffe29379000 	C:\Program Files\Android\Android Studio\jre\jre\bin\java.dll
0x00007ffe10ce0000 - 0x00007ffe10d03000 	C:\Program Files\Android\Android Studio\jre\jre\bin\instrument.dll
0x00007ffe28ce0000 - 0x00007ffe28cf6000 	C:\Program Files\Android\Android Studio\jre\jre\bin\zip.dll
0x00007ffe35c20000 - 0x00007ffe37060000 	C:\WINDOWS\System32\SHELL32.dll
0x00007ffe34650000 - 0x00007ffe346f9000 	C:\WINDOWS\System32\shcore.dll
0x00007ffe33c60000 - 0x00007ffe3436d000 	C:\WINDOWS\System32\windows.storage.dll
0x00007ffe35260000 - 0x00007ffe352b1000 	C:\WINDOWS\System32\shlwapi.dll
0x00007ffe33430000 - 0x00007ffe33441000 	C:\WINDOWS\System32\kernel.appcore.dll
0x00007ffe333c0000 - 0x00007ffe333df000 	C:\WINDOWS\System32\profapi.dll
0x00007ffe333e0000 - 0x00007ffe3342c000 	C:\WINDOWS\System32\powrprof.dll
0x00007ffe33450000 - 0x00007ffe3345a000 	C:\WINDOWS\System32\FLTLIB.DLL
0x00007ffe1b050000 - 0x00007ffe1b06a000 	C:\Program Files\Android\Android Studio\bin\breakgen64.dll
0x00007ffe28bc0000 - 0x00007ffe28bda000 	C:\Program Files\Android\Android Studio\jre\jre\bin\net.dll
0x00007ffe32bc0000 - 0x00007ffe32c26000 	C:\WINDOWS\system32\mswsock.dll
0x0000000065ac0000 - 0x0000000065b26000 	C:\Users\usuario\AppData\Local\Temp\libgdxusuario\689f6d6a\gdx64.dll
0x00007ffe32d70000 - 0x00007ffe32d87000 	C:\WINDOWS\SYSTEM32\CRYPTSP.dll
0x00007ffe327a0000 - 0x00007ffe327d3000 	C:\WINDOWS\system32\rsaenh.dll
0x00007ffe32ea0000 - 0x00007ffe32ec5000 	C:\WINDOWS\SYSTEM32\bcrypt.dll
0x00007ffe332d0000 - 0x00007ffe332f8000 	C:\WINDOWS\SYSTEM32\USERENV.dll
0x00007ffe32d90000 - 0x00007ffe32d9b000 	C:\WINDOWS\SYSTEM32\CRYPTBASE.dll
0x00007ffe32940000 - 0x00007ffe32978000 	C:\WINDOWS\SYSTEM32\IPHLPAPI.DLL
0x00007ffe347f0000 - 0x00007ffe347f8000 	C:\WINDOWS\System32\NSI.dll
0x00007ffe2c260000 - 0x00007ffe2c276000 	C:\WINDOWS\SYSTEM32\dhcpcsvc6.DLL
0x00007ffe2c240000 - 0x00007ffe2c25a000 	C:\WINDOWS\SYSTEM32\dhcpcsvc.DLL
0x00007ffe1f660000 - 0x00007ffe1f671000 	C:\Program Files\Android\Android Studio\jre\jre\bin\nio.dll
0x0000000180000000 - 0x0000000180053000 	C:\Users\usuario\AppData\Local\Temp\libgdxusuario\dc0f0009\lwjgl64.dll
0x00007ffe1fcc0000 - 0x00007ffe1fde0000 	C:\WINDOWS\SYSTEM32\OPENGL32.dll
0x00007ffe27b70000 - 0x00007ffe27b9c000 	C:\WINDOWS\SYSTEM32\GLU32.dll
0x0000000016bd0000 - 0x0000000016c34000 	C:\Users\usuario\AppData\Local\Temp\libgdxusuario\dc0f0009\OpenAL64.dll
0x00007ffe35480000 - 0x00007ffe355d1000 	C:\WINDOWS\System32\ole32.dll
0x00007ffe318b0000 - 0x00007ffe31948000 	C:\WINDOWS\system32\uxtheme.dll
0x00007ffe35780000 - 0x00007ffe35820000 	C:\WINDOWS\System32\clbcatq.dll
0x00007ffe2fe80000 - 0x00007ffe30034000 	C:\WINDOWS\System32\PROPSYS.dll
0x00007ffe35010000 - 0x00007ffe350d2000 	C:\WINDOWS\System32\OLEAUT32.dll
0x00007ffe27bc0000 - 0x00007ffe27c4f000 	C:\WINDOWS\SYSTEM32\dsound.dll
0x00007ffe2bd70000 - 0x00007ffe2bde6000 	C:\WINDOWS\System32\MMDevApi.dll
0x00007ffe33150000 - 0x00007ffe33177000 	C:\WINDOWS\System32\DEVOBJ.dll
0x00007ffe2b480000 - 0x00007ffe2b5ac000 	C:\WINDOWS\SYSTEM32\AUDIOSES.DLL
0x00007ffe2f750000 - 0x00007ffe2f89d000 	C:\WINDOWS\SYSTEM32\wintypes.dll
0x00007ffe2f510000 - 0x00007ffe2f51a000 	C:\WINDOWS\SYSTEM32\AVRT.dll
0x00007ffe350e0000 - 0x00007ffe35253000 	C:\WINDOWS\System32\MSCTF.dll
0x00007ffe31b40000 - 0x00007ffe31b69000 	C:\WINDOWS\system32\dwmapi.dll
0x00007ffe27750000 - 0x00007ffe277e6000 	C:\WINDOWS\System32\TextInputFramework.dll
0x00007ffe2ed60000 - 0x00007ffe2f07e000 	C:\WINDOWS\System32\CoreUIComponents.dll
0x00007ffe311f0000 - 0x00007ffe312ca000 	C:\WINDOWS\System32\CoreMessaging.dll
0x00007ffe32490000 - 0x00007ffe324c1000 	C:\WINDOWS\SYSTEM32\ntmarta.dll
0x00007ffddc0a0000 - 0x00007ffddc8d2000 	C:\WINDOWS\SYSTEM32\ig7icd64.dll
0x00007ffe2e040000 - 0x00007ffe2e4a4000 	C:\WINDOWS\SYSTEM32\igdusc64.dll
0x00007ffe30070000 - 0x00007ffe30083000 	C:\WINDOWS\SYSTEM32\WTSAPI32.dll
0x00007ffe22920000 - 0x00007ffe229c8000 	C:\WINDOWS\SYSTEM32\mscms.dll
0x00007ffe2e930000 - 0x00007ffe2e940000 	C:\WINDOWS\SYSTEM32\ColorAdapterClient.dll
0x00007ffe10b10000 - 0x00007ffe10b53000 	C:\WINDOWS\SYSTEM32\icm32.dll
0x00007ffe32160000 - 0x00007ffe3221b000 	C:\WINDOWS\SYSTEM32\dxgi.dll
0x00007ffe300c0000 - 0x00007ffe303cb000 	C:\WINDOWS\SYSTEM32\d3d11.dll
0x00007ffe15210000 - 0x00007ffe15db2000 	C:\WINDOWS\SYSTEM32\igd10iumd64.dll
0x00007ffe32e70000 - 0x00007ffe32e96000 	C:\WINDOWS\SYSTEM32\ncrypt.dll
0x00007ffe32e30000 - 0x00007ffe32e66000 	C:\WINDOWS\SYSTEM32\NTASN1.dll
0x000000006e9c0000 - 0x000000006ea4c000 	C:\Users\usuario\AppData\Local\Temp\libgdxusuario\7da55056\gdx-box2d64.dll
0x00007ffe21fa0000 - 0x00007ffe22169000 	C:\WINDOWS\SYSTEM32\dbghelp.dll

VM Arguments:
jvm_args: -javaagent:C:\Program Files\Android\Android Studio\lib\idea_rt.jar=49369:C:\Program Files\Android\Android Studio\bin -Dfile.encoding=UTF-8 
java_command: com.pablov.jumpingjack.desktop.DesktopLauncher
java_class_path (initial): C:\Program Files\Android\Android Studio\jre\jre\lib\charsets.jar;C:\Program Files\Android\Android Studio\jre\jre\lib\ext\access-bridge-64.jar;C:\Program Files\Android\Android Studio\jre\jre\lib\ext\cldrdata.jar;C:\Program Files\Android\Android Studio\jre\jre\lib\ext\dnsns.jar;C:\Program Files\Android\Android Studio\jre\jre\lib\ext\jaccess.jar;C:\Program Files\Android\Android Studio\jre\jre\lib\ext\localedata.jar;C:\Program Files\Android\Android Studio\jre\jre\lib\ext\nashorn.jar;C:\Program Files\Android\Android Studio\jre\jre\lib\ext\sunec.jar;C:\Program Files\Android\Android Studio\jre\jre\lib\ext\sunjce_provider.jar;C:\Program Files\Android\Android Studio\jre\jre\lib\ext\sunmscapi.jar;C:\Program Files\Android\Android Studio\jre\jre\lib\ext\sunpkcs11.jar;C:\Program Files\Android\Android Studio\jre\jre\lib\ext\zipfs.jar;C:\Program Files\Android\Android Studio\jre\jre\lib\jce.jar;C:\Program Files\Android\Android Studio\jre\jre\lib\jsse.jar;C:\Program Files\Android\Android Studio\jre\jre\lib\management-agent.jar;C:\Program Files\Android\Android Studio\jre\jre\lib\resources.jar;C:\Program Files\Android\Android Studio\jre\jre\lib\rt.jar;C:\Users\usuario\Desktop\Practicas_PVillaverde\JumpingJack\desktop\build\classes\java\main;C:\Users\usuario\Desktop\Practicas_PVillaverde\JumpingJack\core\build\classes\java\main;C:\Users\usuario\.gradle\caches\modules-2\files-2.1\com.badlogicgames.gdx\gdx-box2d\1.9.9\e9a43c50fbe4f1e26dd0af5d2e78d125549e7f6b\gdx-box2d-1.9.9.jar;C:\Users\usuario\.gradle\caches\modules-2\files-2.1\com.badlogicgames.gdx\gdx\1.9.9\bf26f2f816b3cfe37ac6e66615391c30714b7030\gdx-1.9.9.jar;C:\Users\usuario\.gradle\caches\modules-2\files-2.1\com.badlogicgames.gdx\gdx-backend-lwjgl\1.9.9\ca8911cb94c0bfeb59f99e46ca9b92440958fb0e\gdx-backend-lwjgl-1.9.9.jar;C:\Users\usuario\.gradle\caches\modules-2\files-2.1\com.badlogicgames.gdx\gdx-platform\1.9.9\7e644cfafdb436b13b24ac7993ffab17f306b64d\gdx-platform-1.9.9-natives-desktop.jar;C:\Users\us
Launcher Type: SUN_STANDARD

Environment Variables:
PATH=C:\Program Files (x86)\Common Files\Oracle\Java\javapath;C:\Program Files (x86)\Intel\TXE Components\TCS\;C:\Program Files\Intel\TXE Components\TCS\;C:\WINDOWS\system32;C:\WINDOWS;C:\WINDOWS\System32\Wbem;C:\WINDOWS\System32\WindowsPowerShell\v1.0\;C:\WINDOWS\System32\OpenSSH\;c:\Program Files (x86)\Microsoft SQL Server\100\Tools\Binn\;c:\Program Files\Microsoft SQL Server\100\Tools\Binn\;c:\Program Files\Microsoft SQL Server\100\DTS\Binn\;c:\Program Files (x86)\Microsoft SQL Server\100\Tools\Binn\VSShell\Common7\IDE\;c:\Program Files (x86)\Microsoft SQL Server\100\DTS\Binn\;C:\Program Files\dotnet\;C:\Program Files\Microsoft SQL Server\130\Tools\Binn\;C:\Program Files (x86)\Sophos\Sophos SSL VPN Client\bin;C:\Users\usuario\AppData\Local\Microsoft\WindowsApps;
USERNAME=usuario
OS=Windows_NT
PROCESSOR_IDENTIFIER=Intel64 Family 6 Model 55 Stepping 8, GenuineIntel



---------------  S Y S T E M  ---------------

OS: Windows 10.0 , 64 bit Build 17134 (10.0.17134.753)

CPU:total 4 (initial active 4) (4 cores per cpu, 1 threads per core) family 6 model 55 stepping 8, cmov, cx8, fxsr, mmx, sse, sse2, sse3, ssse3, sse4.1, sse4.2, popcnt, clmul, erms, 3dnowpref, tsc, tscinvbit

Memory: 4k page, physical 4086824k(781408k free), swap 7965668k(1591400k free)

vm_info: OpenJDK 64-Bit Server VM (25.152-b01) for windows-amd64 JRE (1.8.0_152-release-1343-b01), built by "builder" with MS VC++ 10.0 (VS2010)

time: Tue Jun 11 13:00:40 2019
elapsed time: 35 seconds (0d 0h 0m 35s)

